{"/Users/fgieraga/Desktop/testing project/unitTestingTask.js": {"path":"/Users/fgieraga/Desktop/testing project/unitTestingTask.js","statementMap":{"0":{"start":{"line":1,"column":0},"end":{"line":324,"column":4}},"1":{"start":{"line":2,"column":2},"end":{"line":10,"column":3}},"2":{"start":{"line":3,"column":6},"end":{"line":5,"column":9}},"3":{"start":{"line":4,"column":10},"end":{"line":4,"column":31}},"4":{"start":{"line":6,"column":9},"end":{"line":10,"column":3}},"5":{"start":{"line":7,"column":6},"end":{"line":7,"column":37}},"6":{"start":{"line":9,"column":6},"end":{"line":9,"column":43}},"7":{"start":{"line":24,"column":16},"end":{"line":24,"column":32}},"8":{"start":{"line":25,"column":21},"end":{"line":25,"column":56}},"9":{"start":{"line":27,"column":6},"end":{"line":29,"column":7}},"10":{"start":{"line":28,"column":10},"end":{"line":28,"column":21}},"11":{"start":{"line":32,"column":6},"end":{"line":32,"column":56}},"12":{"start":{"line":34,"column":6},"end":{"line":34,"column":17}},"13":{"start":{"line":37,"column":18},"end":{"line":37,"column":69}},"14":{"start":{"line":39,"column":15},"end":{"line":122,"column":3}},"15":{"start":{"line":41,"column":10},"end":{"line":41,"column":36}},"16":{"start":{"line":44,"column":10},"end":{"line":44,"column":57}},"17":{"start":{"line":47,"column":10},"end":{"line":47,"column":72}},"18":{"start":{"line":50,"column":10},"end":{"line":50,"column":77}},"19":{"start":{"line":53,"column":10},"end":{"line":53,"column":52}},"20":{"start":{"line":56,"column":10},"end":{"line":56,"column":37}},"21":{"start":{"line":59,"column":10},"end":{"line":59,"column":75}},"22":{"start":{"line":62,"column":10},"end":{"line":62,"column":80}},"23":{"start":{"line":65,"column":10},"end":{"line":65,"column":78}},"24":{"start":{"line":68,"column":10},"end":{"line":68,"column":47}},"25":{"start":{"line":71,"column":10},"end":{"line":71,"column":32}},"26":{"start":{"line":74,"column":10},"end":{"line":74,"column":48}},"27":{"start":{"line":77,"column":10},"end":{"line":77,"column":33}},"28":{"start":{"line":80,"column":10},"end":{"line":80,"column":59}},"29":{"start":{"line":83,"column":10},"end":{"line":83,"column":44}},"30":{"start":{"line":86,"column":10},"end":{"line":86,"column":50}},"31":{"start":{"line":89,"column":10},"end":{"line":89,"column":35}},"32":{"start":{"line":92,"column":10},"end":{"line":92,"column":50}},"33":{"start":{"line":95,"column":10},"end":{"line":95,"column":35}},"34":{"start":{"line":98,"column":10},"end":{"line":98,"column":58}},"35":{"start":{"line":101,"column":10},"end":{"line":101,"column":40}},"36":{"start":{"line":104,"column":10},"end":{"line":104,"column":84}},"37":{"start":{"line":107,"column":10},"end":{"line":107,"column":83}},"38":{"start":{"line":110,"column":19},"end":{"line":110,"column":43}},"39":{"start":{"line":111,"column":22},"end":{"line":111,"column":51}},"40":{"start":{"line":112,"column":21},"end":{"line":112,"column":28}},"41":{"start":{"line":113,"column":21},"end":{"line":113,"column":39}},"42":{"start":{"line":115,"column":10},"end":{"line":115,"column":38}},"43":{"start":{"line":117,"column":10},"end":{"line":117,"column":84}},"44":{"start":{"line":120,"column":10},"end":{"line":120,"column":44}},"45":{"start":{"line":124,"column":24},"end":{"line":124,"column":26}},"46":{"start":{"line":125,"column":2},"end":{"line":129,"column":3}},"47":{"start":{"line":126,"column":6},"end":{"line":128,"column":7}},"48":{"start":{"line":127,"column":10},"end":{"line":127,"column":42}},"49":{"start":{"line":130,"column":15},"end":{"line":130,"column":58}},"50":{"start":{"line":171,"column":6},"end":{"line":173,"column":7}},"51":{"start":{"line":172,"column":10},"end":{"line":172,"column":68}},"52":{"start":{"line":175,"column":6},"end":{"line":177,"column":7}},"53":{"start":{"line":176,"column":10},"end":{"line":176,"column":110}},"54":{"start":{"line":179,"column":15},"end":{"line":179,"column":107}},"55":{"start":{"line":181,"column":6},"end":{"line":181,"column":33}},"56":{"start":{"line":183,"column":6},"end":{"line":189,"column":7}},"57":{"start":{"line":184,"column":10},"end":{"line":184,"column":57}},"58":{"start":{"line":186,"column":10},"end":{"line":188,"column":13}},"59":{"start":{"line":187,"column":14},"end":{"line":187,"column":47}},"60":{"start":{"line":197,"column":18},"end":{"line":197,"column":49}},"61":{"start":{"line":207,"column":13},"end":{"line":229,"column":3}},"62":{"start":{"line":208,"column":6},"end":{"line":210,"column":7}},"63":{"start":{"line":209,"column":10},"end":{"line":209,"column":35}},"64":{"start":{"line":212,"column":6},"end":{"line":224,"column":7}},"65":{"start":{"line":213,"column":10},"end":{"line":222,"column":11}},"66":{"start":{"line":214,"column":14},"end":{"line":214,"column":39}},"67":{"start":{"line":215,"column":17},"end":{"line":222,"column":11}},"68":{"start":{"line":216,"column":14},"end":{"line":221,"column":15}},"69":{"start":{"line":217,"column":18},"end":{"line":217,"column":44}},"70":{"start":{"line":218,"column":18},"end":{"line":218,"column":43}},"71":{"start":{"line":220,"column":18},"end":{"line":220,"column":43}},"72":{"start":{"line":223,"column":10},"end":{"line":223,"column":35}},"73":{"start":{"line":226,"column":6},"end":{"line":226,"column":32}},"74":{"start":{"line":227,"column":6},"end":{"line":227,"column":31}},"75":{"start":{"line":228,"column":6},"end":{"line":228,"column":31}},"76":{"start":{"line":232,"column":2},"end":{"line":251,"column":5}},"77":{"start":{"line":235,"column":10},"end":{"line":235,"column":47}},"78":{"start":{"line":239,"column":10},"end":{"line":239,"column":52}},"79":{"start":{"line":245,"column":10},"end":{"line":249,"column":11}},"80":{"start":{"line":246,"column":14},"end":{"line":246,"column":43}},"81":{"start":{"line":248,"column":14},"end":{"line":248,"column":43}},"82":{"start":{"line":258,"column":24},"end":{"line":263,"column":3}},"83":{"start":{"line":259,"column":6},"end":{"line":262,"column":8}},"84":{"start":{"line":260,"column":18},"end":{"line":260,"column":79}},"85":{"start":{"line":261,"column":10},"end":{"line":261,"column":42}},"86":{"start":{"line":270,"column":19},"end":{"line":270,"column":51}},"87":{"start":{"line":290,"column":17},"end":{"line":293,"column":3}},"88":{"start":{"line":291,"column":6},"end":{"line":291,"column":49}},"89":{"start":{"line":292,"column":6},"end":{"line":292,"column":30}},"90":{"start":{"line":300,"column":2},"end":{"line":302,"column":4}},"91":{"start":{"line":301,"column":6},"end":{"line":301,"column":54}},"92":{"start":{"line":305,"column":2},"end":{"line":305,"column":36}},"93":{"start":{"line":306,"column":2},"end":{"line":306,"column":34}},"94":{"start":{"line":307,"column":2},"end":{"line":307,"column":49}},"95":{"start":{"line":308,"column":2},"end":{"line":308,"column":52}},"96":{"start":{"line":311,"column":17},"end":{"line":311,"column":37}},"97":{"start":{"line":318,"column":2},"end":{"line":321,"column":4}},"98":{"start":{"line":319,"column":6},"end":{"line":319,"column":38}},"99":{"start":{"line":320,"column":6},"end":{"line":320,"column":18}},"100":{"start":{"line":323,"column":2},"end":{"line":323,"column":25}}},"fnMap":{"0":{"name":"(anonymous_0)","decl":{"start":{"line":1,"column":1},"end":{"line":1,"column":2}},"loc":{"start":{"line":1,"column":26},"end":{"line":11,"column":1}},"line":1},"1":{"name":"(anonymous_1)","decl":{"start":{"line":3,"column":17},"end":{"line":3,"column":18}},"loc":{"start":{"line":3,"column":29},"end":{"line":5,"column":7}},"line":3},"2":{"name":"(anonymous_2)","decl":{"start":{"line":11,"column":8},"end":{"line":11,"column":9}},"loc":{"start":{"line":11,"column":24},"end":{"line":324,"column":1}},"line":11},"3":{"name":"leadingZeroes","decl":{"start":{"line":23,"column":11},"end":{"line":23,"column":24}},"loc":{"start":{"line":23,"column":40},"end":{"line":35,"column":3}},"line":23},"4":{"name":"(anonymous_4)","decl":{"start":{"line":40,"column":12},"end":{"line":40,"column":13}},"loc":{"start":{"line":40,"column":28},"end":{"line":42,"column":7}},"line":40},"5":{"name":"(anonymous_5)","decl":{"start":{"line":43,"column":10},"end":{"line":43,"column":11}},"loc":{"start":{"line":43,"column":26},"end":{"line":45,"column":7}},"line":43},"6":{"name":"(anonymous_6)","decl":{"start":{"line":46,"column":12},"end":{"line":46,"column":13}},"loc":{"start":{"line":46,"column":36},"end":{"line":48,"column":7}},"line":46},"7":{"name":"(anonymous_7)","decl":{"start":{"line":49,"column":11},"end":{"line":49,"column":12}},"loc":{"start":{"line":49,"column":35},"end":{"line":51,"column":7}},"line":49},"8":{"name":"(anonymous_8)","decl":{"start":{"line":52,"column":10},"end":{"line":52,"column":11}},"loc":{"start":{"line":52,"column":26},"end":{"line":54,"column":7}},"line":52},"9":{"name":"(anonymous_9)","decl":{"start":{"line":55,"column":9},"end":{"line":55,"column":10}},"loc":{"start":{"line":55,"column":25},"end":{"line":57,"column":7}},"line":55},"10":{"name":"(anonymous_10)","decl":{"start":{"line":58,"column":11},"end":{"line":58,"column":12}},"loc":{"start":{"line":58,"column":27},"end":{"line":60,"column":7}},"line":58},"11":{"name":"(anonymous_11)","decl":{"start":{"line":61,"column":10},"end":{"line":61,"column":11}},"loc":{"start":{"line":61,"column":26},"end":{"line":63,"column":7}},"line":61},"12":{"name":"(anonymous_12)","decl":{"start":{"line":64,"column":9},"end":{"line":64,"column":10}},"loc":{"start":{"line":64,"column":25},"end":{"line":66,"column":7}},"line":64},"13":{"name":"(anonymous_13)","decl":{"start":{"line":67,"column":10},"end":{"line":67,"column":11}},"loc":{"start":{"line":67,"column":26},"end":{"line":69,"column":7}},"line":67},"14":{"name":"(anonymous_14)","decl":{"start":{"line":70,"column":9},"end":{"line":70,"column":10}},"loc":{"start":{"line":70,"column":25},"end":{"line":72,"column":7}},"line":70},"15":{"name":"(anonymous_15)","decl":{"start":{"line":73,"column":10},"end":{"line":73,"column":11}},"loc":{"start":{"line":73,"column":26},"end":{"line":75,"column":7}},"line":73},"16":{"name":"(anonymous_16)","decl":{"start":{"line":76,"column":9},"end":{"line":76,"column":10}},"loc":{"start":{"line":76,"column":25},"end":{"line":78,"column":7}},"line":76},"17":{"name":"(anonymous_17)","decl":{"start":{"line":79,"column":10},"end":{"line":79,"column":11}},"loc":{"start":{"line":79,"column":26},"end":{"line":81,"column":7}},"line":79},"18":{"name":"(anonymous_18)","decl":{"start":{"line":82,"column":9},"end":{"line":82,"column":10}},"loc":{"start":{"line":82,"column":25},"end":{"line":84,"column":7}},"line":82},"19":{"name":"(anonymous_19)","decl":{"start":{"line":85,"column":10},"end":{"line":85,"column":11}},"loc":{"start":{"line":85,"column":26},"end":{"line":87,"column":7}},"line":85},"20":{"name":"(anonymous_20)","decl":{"start":{"line":88,"column":9},"end":{"line":88,"column":10}},"loc":{"start":{"line":88,"column":25},"end":{"line":90,"column":7}},"line":88},"21":{"name":"(anonymous_21)","decl":{"start":{"line":91,"column":10},"end":{"line":91,"column":11}},"loc":{"start":{"line":91,"column":26},"end":{"line":93,"column":7}},"line":91},"22":{"name":"(anonymous_22)","decl":{"start":{"line":94,"column":9},"end":{"line":94,"column":10}},"loc":{"start":{"line":94,"column":25},"end":{"line":96,"column":7}},"line":94},"23":{"name":"(anonymous_23)","decl":{"start":{"line":97,"column":10},"end":{"line":97,"column":11}},"loc":{"start":{"line":97,"column":26},"end":{"line":99,"column":7}},"line":97},"24":{"name":"(anonymous_24)","decl":{"start":{"line":100,"column":9},"end":{"line":100,"column":10}},"loc":{"start":{"line":100,"column":25},"end":{"line":102,"column":7}},"line":100},"25":{"name":"(anonymous_25)","decl":{"start":{"line":103,"column":9},"end":{"line":103,"column":10}},"loc":{"start":{"line":103,"column":25},"end":{"line":105,"column":7}},"line":103},"26":{"name":"(anonymous_26)","decl":{"start":{"line":106,"column":9},"end":{"line":106,"column":10}},"loc":{"start":{"line":106,"column":25},"end":{"line":108,"column":7}},"line":106},"27":{"name":"(anonymous_27)","decl":{"start":{"line":109,"column":10},"end":{"line":109,"column":11}},"loc":{"start":{"line":109,"column":45},"end":{"line":118,"column":7}},"line":109},"28":{"name":"(anonymous_28)","decl":{"start":{"line":119,"column":9},"end":{"line":119,"column":10}},"loc":{"start":{"line":119,"column":25},"end":{"line":121,"column":7}},"line":119},"29":{"name":"unitTestingTask","decl":{"start":{"line":170,"column":11},"end":{"line":170,"column":26}},"loc":{"start":{"line":170,"column":42},"end":{"line":190,"column":3}},"line":170},"30":{"name":"(anonymous_30)","decl":{"start":{"line":186,"column":40},"end":{"line":186,"column":41}},"loc":{"start":{"line":186,"column":57},"end":{"line":188,"column":11}},"line":186},"31":{"name":"(anonymous_31)","decl":{"start":{"line":207,"column":36},"end":{"line":207,"column":37}},"loc":{"start":{"line":207,"column":61},"end":{"line":229,"column":3}},"line":207},"32":{"name":"(anonymous_32)","decl":{"start":{"line":234,"column":14},"end":{"line":234,"column":15}},"loc":{"start":{"line":234,"column":30},"end":{"line":236,"column":7}},"line":234},"33":{"name":"(anonymous_33)","decl":{"start":{"line":238,"column":19},"end":{"line":238,"column":20}},"loc":{"start":{"line":238,"column":35},"end":{"line":240,"column":7}},"line":238},"34":{"name":"(anonymous_34)","decl":{"start":{"line":244,"column":17},"end":{"line":244,"column":18}},"loc":{"start":{"line":244,"column":43},"end":{"line":250,"column":7}},"line":244},"35":{"name":"(anonymous_35)","decl":{"start":{"line":258,"column":24},"end":{"line":258,"column":25}},"loc":{"start":{"line":258,"column":42},"end":{"line":263,"column":3}},"line":258},"36":{"name":"(anonymous_36)","decl":{"start":{"line":259,"column":13},"end":{"line":259,"column":14}},"loc":{"start":{"line":259,"column":29},"end":{"line":262,"column":7}},"line":259},"37":{"name":"(anonymous_37)","decl":{"start":{"line":290,"column":44},"end":{"line":290,"column":45}},"loc":{"start":{"line":290,"column":68},"end":{"line":293,"column":3}},"line":290},"38":{"name":"(anonymous_38)","decl":{"start":{"line":300,"column":31},"end":{"line":300,"column":32}},"loc":{"start":{"line":300,"column":43},"end":{"line":302,"column":3}},"line":300},"39":{"name":"(anonymous_39)","decl":{"start":{"line":318,"column":31},"end":{"line":318,"column":32}},"loc":{"start":{"line":318,"column":43},"end":{"line":321,"column":3}},"line":318}},"branchMap":{"0":{"loc":{"start":{"line":2,"column":2},"end":{"line":10,"column":3}},"type":"if","locations":[{"start":{"line":2,"column":2},"end":{"line":10,"column":3}},{"start":{"line":6,"column":9},"end":{"line":10,"column":3}}],"line":2},"1":{"loc":{"start":{"line":2,"column":6},"end":{"line":2,"column":48}},"type":"binary-expr","locations":[{"start":{"line":2,"column":6},"end":{"line":2,"column":34}},{"start":{"line":2,"column":38},"end":{"line":2,"column":48}}],"line":2},"2":{"loc":{"start":{"line":6,"column":9},"end":{"line":10,"column":3}},"type":"if","locations":[{"start":{"line":6,"column":9},"end":{"line":10,"column":3}},{"start":{"line":8,"column":9},"end":{"line":10,"column":3}}],"line":6},"3":{"loc":{"start":{"line":25,"column":21},"end":{"line":25,"column":56}},"type":"cond-expr","locations":[{"start":{"line":25,"column":46},"end":{"line":25,"column":52}},{"start":{"line":25,"column":55},"end":{"line":25,"column":56}}],"line":25},"4":{"loc":{"start":{"line":27,"column":6},"end":{"line":29,"column":7}},"type":"if","locations":[{"start":{"line":27,"column":6},"end":{"line":29,"column":7}},{"start":{},"end":{}}],"line":27},"5":{"loc":{"start":{"line":37,"column":21},"end":{"line":37,"column":68}},"type":"binary-expr","locations":[{"start":{"line":37,"column":21},"end":{"line":37,"column":50}},{"start":{"line":37,"column":54},"end":{"line":37,"column":68}}],"line":37},"6":{"loc":{"start":{"line":80,"column":31},"end":{"line":80,"column":57}},"type":"binary-expr","locations":[{"start":{"line":80,"column":31},"end":{"line":80,"column":51}},{"start":{"line":80,"column":55},"end":{"line":80,"column":57}}],"line":80},"7":{"loc":{"start":{"line":83,"column":17},"end":{"line":83,"column":43}},"type":"binary-expr","locations":[{"start":{"line":83,"column":17},"end":{"line":83,"column":37}},{"start":{"line":83,"column":41},"end":{"line":83,"column":43}}],"line":83},"8":{"loc":{"start":{"line":113,"column":21},"end":{"line":113,"column":39}},"type":"cond-expr","locations":[{"start":{"line":113,"column":30},"end":{"line":113,"column":33}},{"start":{"line":113,"column":36},"end":{"line":113,"column":39}}],"line":113},"9":{"loc":{"start":{"line":115,"column":22},"end":{"line":115,"column":37}},"type":"binary-expr","locations":[{"start":{"line":115,"column":22},"end":{"line":115,"column":31}},{"start":{"line":115,"column":35},"end":{"line":115,"column":37}}],"line":115},"10":{"loc":{"start":{"line":126,"column":6},"end":{"line":128,"column":7}},"type":"if","locations":[{"start":{"line":126,"column":6},"end":{"line":128,"column":7}},{"start":{},"end":{}}],"line":126},"11":{"loc":{"start":{"line":171,"column":6},"end":{"line":173,"column":7}},"type":"if","locations":[{"start":{"line":171,"column":6},"end":{"line":173,"column":7}},{"start":{},"end":{}}],"line":171},"12":{"loc":{"start":{"line":171,"column":10},"end":{"line":171,"column":47}},"type":"binary-expr","locations":[{"start":{"line":171,"column":10},"end":{"line":171,"column":17}},{"start":{"line":171,"column":21},"end":{"line":171,"column":47}}],"line":171},"13":{"loc":{"start":{"line":175,"column":6},"end":{"line":177,"column":7}},"type":"if","locations":[{"start":{"line":175,"column":6},"end":{"line":177,"column":7}},{"start":{},"end":{}}],"line":175},"14":{"loc":{"start":{"line":175,"column":10},"end":{"line":175,"column":111}},"type":"binary-expr","locations":[{"start":{"line":175,"column":10},"end":{"line":175,"column":28}},{"start":{"line":175,"column":32},"end":{"line":175,"column":55}},{"start":{"line":175,"column":59},"end":{"line":175,"column":83}},{"start":{"line":175,"column":87},"end":{"line":175,"column":111}}],"line":175},"15":{"loc":{"start":{"line":179,"column":15},"end":{"line":179,"column":107}},"type":"cond-expr","locations":[{"start":{"line":179,"column":50},"end":{"line":179,"column":94}},{"start":{"line":179,"column":97},"end":{"line":179,"column":107}}],"line":179},"16":{"loc":{"start":{"line":179,"column":16},"end":{"line":179,"column":46}},"type":"binary-expr","locations":[{"start":{"line":179,"column":16},"end":{"line":179,"column":38}},{"start":{"line":179,"column":42},"end":{"line":179,"column":46}}],"line":179},"17":{"loc":{"start":{"line":179,"column":50},"end":{"line":179,"column":94}},"type":"cond-expr","locations":[{"start":{"line":179,"column":73},"end":{"line":179,"column":77}},{"start":{"line":179,"column":80},"end":{"line":179,"column":94}}],"line":179},"18":{"loc":{"start":{"line":183,"column":6},"end":{"line":189,"column":7}},"type":"if","locations":[{"start":{"line":183,"column":6},"end":{"line":189,"column":7}},{"start":{"line":185,"column":13},"end":{"line":189,"column":7}}],"line":183},"19":{"loc":{"start":{"line":208,"column":6},"end":{"line":210,"column":7}},"type":"if","locations":[{"start":{"line":208,"column":6},"end":{"line":210,"column":7}},{"start":{},"end":{}}],"line":208},"20":{"loc":{"start":{"line":212,"column":6},"end":{"line":224,"column":7}},"type":"if","locations":[{"start":{"line":212,"column":6},"end":{"line":224,"column":7}},{"start":{},"end":{}}],"line":212},"21":{"loc":{"start":{"line":213,"column":10},"end":{"line":222,"column":11}},"type":"if","locations":[{"start":{"line":213,"column":10},"end":{"line":222,"column":11}},{"start":{"line":215,"column":17},"end":{"line":222,"column":11}}],"line":213},"22":{"loc":{"start":{"line":213,"column":14},"end":{"line":213,"column":59}},"type":"binary-expr","locations":[{"start":{"line":213,"column":14},"end":{"line":213,"column":29}},{"start":{"line":213,"column":33},"end":{"line":213,"column":59}}],"line":213},"23":{"loc":{"start":{"line":215,"column":17},"end":{"line":222,"column":11}},"type":"if","locations":[{"start":{"line":215,"column":17},"end":{"line":222,"column":11}},{"start":{},"end":{}}],"line":215},"24":{"loc":{"start":{"line":245,"column":10},"end":{"line":249,"column":11}},"type":"if","locations":[{"start":{"line":245,"column":10},"end":{"line":249,"column":11}},{"start":{"line":247,"column":17},"end":{"line":249,"column":11}}],"line":245},"25":{"loc":{"start":{"line":246,"column":21},"end":{"line":246,"column":42}},"type":"cond-expr","locations":[{"start":{"line":246,"column":31},"end":{"line":246,"column":35}},{"start":{"line":246,"column":38},"end":{"line":246,"column":42}}],"line":246},"26":{"loc":{"start":{"line":248,"column":21},"end":{"line":248,"column":42}},"type":"cond-expr","locations":[{"start":{"line":248,"column":31},"end":{"line":248,"column":35}},{"start":{"line":248,"column":38},"end":{"line":248,"column":42}}],"line":248},"27":{"loc":{"start":{"line":260,"column":18},"end":{"line":260,"column":79}},"type":"binary-expr","locations":[{"start":{"line":260,"column":18},"end":{"line":260,"column":48}},{"start":{"line":260,"column":52},"end":{"line":260,"column":69}},{"start":{"line":260,"column":73},"end":{"line":260,"column":79}}],"line":260}},"s":{"0":1,"1":1,"2":0,"3":0,"4":1,"5":1,"6":0,"7":14,"8":14,"9":14,"10":0,"11":14,"12":14,"13":1,"14":1,"15":2,"16":1,"17":1,"18":1,"19":2,"20":1,"21":1,"22":1,"23":1,"24":2,"25":3,"26":1,"27":1,"28":1,"29":1,"30":1,"31":1,"32":1,"33":1,"34":1,"35":1,"36":1,"37":1,"38":2,"39":2,"40":2,"41":2,"42":2,"43":2,"44":1,"45":1,"46":1,"47":25,"48":25,"49":1,"50":32,"51":2,"52":30,"53":1,"54":29,"55":29,"56":29,"57":1,"58":28,"59":30,"60":1,"61":1,"62":9,"63":8,"64":1,"65":0,"66":0,"67":0,"68":0,"69":0,"70":0,"71":0,"72":0,"73":1,"74":1,"75":1,"76":1,"77":1,"78":1,"79":2,"80":1,"81":1,"82":1,"83":5,"84":1,"85":1,"86":1,"87":1,"88":5,"89":5,"90":1,"91":1,"92":1,"93":1,"94":1,"95":1,"96":1,"97":1,"98":0,"99":0,"100":1},"f":{"0":1,"1":0,"2":1,"3":14,"4":2,"5":1,"6":1,"7":1,"8":2,"9":1,"10":1,"11":1,"12":1,"13":2,"14":3,"15":1,"16":1,"17":1,"18":1,"19":1,"20":1,"21":1,"22":1,"23":1,"24":1,"25":1,"26":1,"27":2,"28":1,"29":32,"30":30,"31":9,"32":1,"33":1,"34":2,"35":5,"36":1,"37":5,"38":1,"39":0},"b":{"0":[0,1],"1":[1,0],"2":[1,0],"3":[1,13],"4":[0,14],"5":[1,1],"6":[1,0],"7":[1,0],"8":[2,0],"9":[2,1],"10":[25,0],"11":[2,30],"12":[32,31],"13":[1,29],"14":[30,29,1,1],"15":[28,1],"16":[29,28],"17":[28,0],"18":[1,28],"19":[8,1],"20":[0,1],"21":[0,0],"22":[0,0],"23":[0,0],"24":[1,1],"25":[1,0],"26":[0,1],"27":[1,1,1]},"_coverageSchema":"1a1c01bbd47fc00a2c39e90264f33305004495a9","hash":"681aaa24c4cdd99daeb304dbc368c4bac19d62f2"}
}
